<?xml version="1.0" encoding="UTF-8"?>
<!-- Generated by org.testng.reporters.JUnitReportReporter -->
<testsuite hostname="LAPTOP-I18JAT8J" failures="0" tests="4" name="TestNGpack.VerifyHomePage" time="94.971" errors="0" timestamp="2022-11-16T13:53:16 IST" skipped="0">
  <testcase classname="TestNGpack.VerifyHomePage" name="verifyhomepage" time="46.124"/>
  <system-out/>
  <testcase classname="TestNGpack.VerifyHomePage" name="verifyhomepage" time="10.262"/>
  <system-out/>
  <testcase classname="TestNGpack.VerifyHomePage" name="verifySearchBar" time="24.626"/>
  <system-out/>
  <testcase classname="TestNGpack.VerifyHomePage" name="verifySearchBar" time="13.959"/>
  <system-out/>
</testsuite> <!-- TestNGpack.VerifyHomePage -->
