<?xml version="1.0" encoding="UTF-8"?>
<!-- Generated by org.testng.reporters.JUnitReportReporter -->
<testsuite hostname="LAPTOP-I18JAT8J" failures="0" tests="6" name="TestNGpack.VerifyAddToCardButton" time="174.256" errors="0" timestamp="2022-11-16T13:53:16 IST" skipped="0">
  <testcase classname="TestNGpack.VerifyAddToCardButton" name="verifySearchBar" time="11.026"/>
  <system-out/>
  <testcase classname="TestNGpack.VerifyAddToCardButton" name="verifySearchBar" time="17.696"/>
  <system-out/>
  <testcase classname="TestNGpack.VerifyAddToCardButton" name="verifyAddToCardButton" time="76.377"/>
  <system-out/>
  <testcase classname="TestNGpack.VerifyAddToCardButton" name="verifyAddToCardButton" time="47.064"/>
  <system-out/>
  <testcase classname="TestNGpack.VerifyAddToCardButton" name="logOutFromApplication" time="9.426"/>
  <system-out/>
  <testcase classname="TestNGpack.VerifyAddToCardButton" name="logOutFromApplication" time="12.667"/>
  <system-out/>
</testsuite> <!-- TestNGpack.VerifyAddToCardButton -->
