<?xml version="1.0" encoding="UTF-8"?>
<!-- Generated by org.testng.reporters.JUnitReportReporter -->
<testsuite hostname="LAPTOP-I18JAT8J" failures="0" tests="1" name="Testpack.TestNGClass" time="0.014" errors="0" timestamp="2022-10-16T22:31:22 IST" skipped="0">
  <testcase classname="Testpack.TestNGClass" name="test" time="0.014"/>
  <system-out/>
</testsuite> <!-- Testpack.TestNGClass -->
