<?xml version="1.0" encoding="UTF-8"?>
<!-- Generated by org.testng.reporters.JUnitReportReporter -->
<testsuite hostname="LAPTOP-I18JAT8J" failures="0" tests="4" name="TestNGpack.VerifyHomePage" time="0.000" errors="0" timestamp="2022-11-18T22:15:28 IST" skipped="4">
  <testcase classname="TestNGpack.VerifyHomePage" name="verifyhomepage" time="0.000">
    <skipped/>
  </testcase> <!-- verifyhomepage -->
  <system-out/>
  <testcase classname="TestNGpack.VerifyHomePage" name="verifyhomepage" time="0.000">
    <skipped/>
  </testcase> <!-- verifyhomepage -->
  <system-out/>
  <testcase classname="TestNGpack.VerifyHomePage" name="verifySearchBar" time="0.000">
    <skipped/>
  </testcase> <!-- verifySearchBar -->
  <system-out/>
  <testcase classname="TestNGpack.VerifyHomePage" name="verifySearchBar" time="0.000">
    <skipped/>
  </testcase> <!-- verifySearchBar -->
  <system-out/>
</testsuite> <!-- TestNGpack.VerifyHomePage -->
