<?xml version="1.0" encoding="UTF-8"?>
<!-- Generated by org.testng.reporters.JUnitReportReporter -->
<testsuite hostname="LAPTOP-I18JAT8J" failures="0" tests="2" name="Testpack.TestNGClass2" time="0.015" errors="0" timestamp="2022-10-16T22:31:39 IST" skipped="0">
  <testcase classname="Testpack.TestNGClass2" name="test2" time="0.002"/>
  <system-out/>
  <testcase classname="Testpack.TestNGClass2" name="test1" time="0.013"/>
  <system-out/>
</testsuite> <!-- Testpack.TestNGClass2 -->
