<?xml version="1.0" encoding="UTF-8"?>
<!-- Generated by org.testng.reporters.JUnitReportReporter -->
<testsuite hostname="LAPTOP-I18JAT8J" failures="0" tests="6" name="TestNGpack.VerifyProductDetailspage" time="0.000" errors="0" timestamp="2022-11-18T22:15:28 IST" skipped="6">
  <testcase classname="TestNGpack.VerifyProductDetailspage" name="vefiySearchBarButton" time="0.000">
    <skipped/>
  </testcase> <!-- vefiySearchBarButton -->
  <system-out/>
  <testcase classname="TestNGpack.VerifyProductDetailspage" name="vefiySearchBarButton" time="0.000">
    <skipped/>
  </testcase> <!-- vefiySearchBarButton -->
  <system-out/>
  <testcase classname="TestNGpack.VerifyProductDetailspage" name="verifyProductDitails" time="0.000">
    <skipped/>
  </testcase> <!-- verifyProductDitails -->
  <system-out/>
  <testcase classname="TestNGpack.VerifyProductDetailspage" name="verifyProductDitails" time="0.000">
    <skipped/>
  </testcase> <!-- verifyProductDitails -->
  <system-out/>
  <testcase classname="TestNGpack.VerifyProductDetailspage" name="verifyColourOfProduct" time="0.000">
    <skipped/>
  </testcase> <!-- verifyColourOfProduct -->
  <system-out/>
  <testcase classname="TestNGpack.VerifyProductDetailspage" name="verifyColourOfProduct" time="0.000">
    <skipped/>
  </testcase> <!-- verifyColourOfProduct -->
  <system-out/>
</testsuite> <!-- TestNGpack.VerifyProductDetailspage -->
