<?xml version="1.0" encoding="UTF-8"?>
<!-- Generated by org.testng.reporters.JUnitReportReporter -->
<testsuite hostname="LAPTOP-I18JAT8J" failures="0" tests="2" name="TestNGpack.VerifySignInPage" time="0.000" errors="0" timestamp="2022-11-16T15:55:58 IST" skipped="2">
  <testcase classname="TestNGpack.VerifySignInPage" name="test" time="0.000">
    <skipped/>
  </testcase> <!-- test -->
  <system-out/>
  <testcase classname="TestNGpack.VerifySignInPage" name="test" time="0.000">
    <skipped/>
  </testcase> <!-- test -->
  <system-out/>
</testsuite> <!-- TestNGpack.VerifySignInPage -->
